<?xml version="1.0" encoding="UTF-8"?>
<testsuite xmlns:xsi="http://www.w3.org/2001/XMLSchema-instance" xsi:noNamespaceSchemaLocation="https://maven.apache.org/surefire/maven-surefire-plugin/xsd/surefire-test-report.xsd" name="com.github.sergueik.ssstfx.SideUtilityTest" time="2.59" tests="3" errors="0" skipped="1" failures="0">
  <properties>
[...]
</properties>
  <testcase name="scratchSideRecordingTest" classname="com.github.sergueik.ssstfx.SideUtilityTest" time="1.453"/>
  <testcase name="deserializeTypeTest" classname="com.github.sergueik.ssstfx.SideUtilityTest" time="0.583"/>
  <testcase name="dataKeysTest" classname="com.github.sergueik.ssstfx.SideUtilityTest" time="0">
    <skipped/>
  </testcase>
</testsuite>